2022-05-13 15:58:01,009 INFO org.apache.juli.logging.DirectJDKLog [restartedMain] Starting ProtocolHandler ["http-nio-8081"]
2022-05-13 15:58:01,069 INFO org.springframework.boot.web.embedded.tomcat.TomcatWebServer [restartedMain] Tomcat started on port(s): 8081 (http) with context path ''
2022-05-13 15:58:01,091 INFO org.springframework.boot.StartupInfoLogger [restartedMain] Started UniversidadesRestApplication in 10.23 seconds (JVM running for 11.977)
2022-05-13 15:58:01,300 INFO org.springframework.boot.autoconfigure.logging.ConditionEvaluationReportLoggingListener [restartedMain] 

Error starting ApplicationContext. To display the conditions report re-run your application with 'debug' enabled.
2022-05-13 15:58:01,344 ERROR org.springframework.boot.SpringApplication [restartedMain] Application run failed
java.lang.IllegalStateException: Failed to execute CommandLineRunner
	at org.springframework.boot.SpringApplication.callRunner(SpringApplication.java:780)
	at org.springframework.boot.SpringApplication.callRunners(SpringApplication.java:761)
	at org.springframework.boot.SpringApplication.run(SpringApplication.java:310)
	at org.springframework.boot.SpringApplication.run(SpringApplication.java:1312)
	at org.springframework.boot.SpringApplication.run(SpringApplication.java:1301)
	at com.ibm.academia.apirest.UniversidadesRestApplication.main(UniversidadesRestApplication.java:16)
	at java.base/jdk.internal.reflect.NativeMethodAccessorImpl.invoke0(Native Method)
	at java.base/jdk.internal.reflect.NativeMethodAccessorImpl.invoke(NativeMethodAccessorImpl.java:62)
	at java.base/jdk.internal.reflect.DelegatingMethodAccessorImpl.invoke(DelegatingMethodAccessorImpl.java:43)
	at java.base/java.lang.reflect.Method.invoke(Method.java:566)
	at org.springframework.boot.devtools.restart.RestartLauncher.run(RestartLauncher.java:49)
Caused by: org.hibernate.LazyInitializationException: failed to lazily initialize a collection of role: com.ibm.academia.apirest.models.entities.Pabellon.aulas, could not initialize proxy - no Session
	at org.hibernate.collection.internal.AbstractPersistentCollection.throwLazyInitializationException(AbstractPersistentCollection.java:614)
	at org.hibernate.collection.internal.AbstractPersistentCollection.withTemporarySessionIfNeeded(AbstractPersistentCollection.java:218)
	at org.hibernate.collection.internal.AbstractPersistentCollection.initialize(AbstractPersistentCollection.java:591)
	at org.hibernate.collection.internal.AbstractPersistentCollection.read(AbstractPersistentCollection.java:149)
	at org.hibernate.collection.internal.PersistentSet.toString(PersistentSet.java:327)
	at java.base/java.lang.String.valueOf(String.java:2951)
	at com.ibm.academia.apirest.models.entities.Pabellon.toString(Pabellon.java:15)
	at java.base/java.lang.String.valueOf(String.java:2951)
	at java.base/java.io.PrintStream.println(PrintStream.java:897)
	at java.base/java.util.ArrayList.forEach(ArrayList.java:1541)
	at com.ibm.academia.apirest.Comandos.run(Comandos.java:144)
	at org.springframework.boot.SpringApplication.callRunner(SpringApplication.java:777)
	... 10 common frames omitted
2022-05-13 15:58:01,628 INFO org.springframework.orm.jpa.AbstractEntityManagerFactoryBean [restartedMain] Closing JPA EntityManagerFactory for persistence unit 'default'
2022-05-13 15:58:01,637 INFO com.zaxxer.hikari.HikariDataSource [restartedMain] HikariPool-1 - Shutdown initiated...
2022-05-13 15:58:01,666 INFO com.zaxxer.hikari.HikariDataSource [restartedMain] HikariPool-1 - Shutdown completed.
2022-05-13 16:04:03,058 INFO org.hibernate.validator.internal.util.Version [background-preinit] HV000001: Hibernate Validator 6.2.3.Final
2022-05-13 16:04:03,079 INFO org.springframework.boot.StartupInfoLogger [restartedMain] Starting UniversidadesRestApplication using Java 11.0.13 on LAPTOP-IQ104NSE with PID 12604 (C:\Users\106860781\Documents\Microservicios Java\UniversidadesREST\target\classes started by 106860781 in C:\Users\106860781\Documents\Microservicios Java\UniversidadesREST)
2022-05-13 16:04:03,100 INFO org.springframework.boot.SpringApplication [restartedMain] No active profile set, falling back to 1 default profile: "default"
2022-05-13 16:04:03,255 INFO org.springframework.boot.logging.DeferredLog [restartedMain] Devtools property defaults active! Set 'spring.devtools.add-properties' to 'false' to disable
2022-05-13 16:04:03,257 INFO org.springframework.boot.logging.DeferredLog [restartedMain] For additional web related logging consider setting the 'logging.level.web' property to 'DEBUG'
2022-05-13 16:04:04,678 INFO org.springframework.data.repository.config.RepositoryConfigurationDelegate [restartedMain] Bootstrapping Spring Data JPA repositories in DEFAULT mode.
2022-05-13 16:04:04,915 INFO org.springframework.data.repository.config.RepositoryConfigurationDelegate [restartedMain] Finished Spring Data repository scanning in 219 ms. Found 6 JPA repository interfaces.
2022-05-13 16:04:06,941 INFO org.springframework.boot.web.embedded.tomcat.TomcatWebServer [restartedMain] Tomcat initialized with port(s): 8081 (http)
2022-05-13 16:04:06,982 INFO org.apache.juli.logging.DirectJDKLog [restartedMain] Initializing ProtocolHandler ["http-nio-8081"]
2022-05-13 16:04:06,988 INFO org.apache.juli.logging.DirectJDKLog [restartedMain] Starting service [Tomcat]
2022-05-13 16:04:06,989 INFO org.apache.juli.logging.DirectJDKLog [restartedMain] Starting Servlet engine: [Apache Tomcat/9.0.62]
2022-05-13 16:04:07,294 INFO org.apache.juli.logging.DirectJDKLog [restartedMain] Initializing Spring embedded WebApplicationContext
2022-05-13 16:04:07,296 INFO org.springframework.boot.web.servlet.context.ServletWebServerApplicationContext [restartedMain] Root WebApplicationContext: initialization completed in 4038 ms
2022-05-13 16:04:07,596 INFO org.hibernate.jpa.internal.util.LogHelper [restartedMain] HHH000204: Processing PersistenceUnitInfo [name: default]
2022-05-13 16:04:07,700 INFO org.hibernate.Version [restartedMain] HHH000412: Hibernate ORM core version 5.6.8.Final
2022-05-13 16:04:08,029 INFO org.hibernate.annotations.common.reflection.java.JavaReflectionManager [restartedMain] HCANN000001: Hibernate Commons Annotations {5.1.2.Final}
2022-05-13 16:04:08,218 INFO com.zaxxer.hikari.HikariDataSource [restartedMain] HikariPool-1 - Starting...
2022-05-13 16:04:08,665 INFO com.zaxxer.hikari.HikariDataSource [restartedMain] HikariPool-1 - Start completed.
2022-05-13 16:04:08,738 INFO org.hibernate.dialect.Dialect [restartedMain] HHH000400: Using dialect: org.hibernate.dialect.PostgreSQL10Dialect
