2022-05-12 18:19:38,901 INFO org.springframework.data.repository.config.RepositoryConfigurationDelegate [restartedMain] Bootstrapping Spring Data JPA repositories in DEFAULT mode.
2022-05-12 18:19:39,048 INFO org.springframework.data.repository.config.RepositoryConfigurationDelegate [restartedMain] Finished Spring Data repository scanning in 119 ms. Found 4 JPA repository interfaces.
2022-05-12 18:19:40,753 INFO org.springframework.boot.web.embedded.tomcat.TomcatWebServer [restartedMain] Tomcat initialized with port(s): 8081 (http)
2022-05-12 18:19:40,793 INFO org.apache.juli.logging.DirectJDKLog [restartedMain] Initializing ProtocolHandler ["http-nio-8081"]
2022-05-12 18:19:40,807 INFO org.apache.juli.logging.DirectJDKLog [restartedMain] Starting service [Tomcat]
2022-05-12 18:19:40,807 INFO org.apache.juli.logging.DirectJDKLog [restartedMain] Starting Servlet engine: [Apache Tomcat/9.0.62]
2022-05-12 18:19:41,253 INFO org.apache.juli.logging.DirectJDKLog [restartedMain] Initializing Spring embedded WebApplicationContext
2022-05-12 18:19:41,261 INFO org.springframework.boot.web.servlet.context.ServletWebServerApplicationContext [restartedMain] Root WebApplicationContext: initialization completed in 4444 ms
2022-05-12 18:19:41,571 INFO org.hibernate.jpa.internal.util.LogHelper [restartedMain] HHH000204: Processing PersistenceUnitInfo [name: default]
2022-05-12 18:19:41,661 INFO org.hibernate.Version [restartedMain] HHH000412: Hibernate ORM core version 5.6.8.Final
2022-05-12 18:19:41,952 INFO org.hibernate.annotations.common.reflection.java.JavaReflectionManager [restartedMain] HCANN000001: Hibernate Commons Annotations {5.1.2.Final}
2022-05-12 18:19:42,128 INFO com.zaxxer.hikari.HikariDataSource [restartedMain] HikariPool-1 - Starting...
2022-05-12 18:19:42,630 INFO com.zaxxer.hikari.HikariDataSource [restartedMain] HikariPool-1 - Start completed.
2022-05-12 18:19:42,695 INFO org.hibernate.dialect.Dialect [restartedMain] HHH000400: Using dialect: org.hibernate.dialect.PostgreSQL10Dialect
2022-05-12 18:19:44,925 INFO org.hibernate.engine.transaction.jta.platform.internal.JtaPlatformInitiator [restartedMain] HHH000490: Using JtaPlatform implementation: [org.hibernate.engine.transaction.jta.platform.internal.NoJtaPlatform]
2022-05-12 18:19:44,938 INFO org.springframework.orm.jpa.AbstractEntityManagerFactoryBean [restartedMain] Initialized JPA EntityManagerFactory for persistence unit 'default'
2022-05-12 18:19:46,509 WARN org.springframework.boot.autoconfigure.orm.jpa.JpaBaseConfiguration$JpaWebConfiguration [restartedMain] spring.jpa.open-in-view is enabled by default. Therefore, database queries may be performed during view rendering. Explicitly configure spring.jpa.open-in-view to disable this warning
2022-05-12 18:19:46,908 INFO org.springframework.boot.devtools.autoconfigure.OptionalLiveReloadServer [restartedMain] LiveReload server is running on port 35729
2022-05-12 18:19:47,314 INFO org.apache.juli.logging.DirectJDKLog [restartedMain] Starting ProtocolHandler ["http-nio-8081"]
2022-05-12 18:19:47,352 INFO org.springframework.boot.web.embedded.tomcat.TomcatWebServer [restartedMain] Tomcat started on port(s): 8081 (http) with context path ''
2022-05-12 18:19:48,064 INFO org.springframework.boot.StartupInfoLogger [restartedMain] Started UniversidadesRestApplication in 12.106 seconds (JVM running for 13.751)
2022-05-12 18:20:07,565 INFO org.apache.juli.logging.DirectJDKLog [http-nio-8081-exec-2] Initializing Spring DispatcherServlet 'dispatcherServlet'
2022-05-12 18:20:07,568 INFO org.springframework.web.servlet.FrameworkServlet [http-nio-8081-exec-2] Initializing Servlet 'dispatcherServlet'
2022-05-12 18:20:07,575 INFO org.springframework.web.servlet.FrameworkServlet [http-nio-8081-exec-2] Completed initialization in 6 ms
2022-05-12 18:20:07,673 INFO com.ibm.academia.apirest.controllers.PrimerRestCotroller [http-nio-8081-exec-2] info log
2022-05-12 18:20:07,675 WARN com.ibm.academia.apirest.controllers.PrimerRestCotroller [http-nio-8081-exec-2] warning log
2022-05-12 18:20:07,676 ERROR com.ibm.academia.apirest.controllers.PrimerRestCotroller [http-nio-8081-exec-2] error log
2022-05-12 18:20:31,029 INFO org.springframework.orm.jpa.AbstractEntityManagerFactoryBean [SpringApplicationShutdownHook] Closing JPA EntityManagerFactory for persistence unit 'default'
2022-05-12 18:20:31,037 INFO com.zaxxer.hikari.HikariDataSource [SpringApplicationShutdownHook] HikariPool-1 - Shutdown initiated...
2022-05-12 18:20:31,049 INFO com.zaxxer.hikari.HikariDataSource [SpringApplicationShutdownHook] HikariPool-1 - Shutdown completed.
2022-05-12 18:20:37,299 INFO org.hibernate.validator.internal.util.Version [background-preinit] HV000001: Hibernate Validator 6.2.3.Final
2022-05-12 18:20:37,315 INFO org.springframework.boot.StartupInfoLogger [restartedMain] Starting UniversidadesRestApplication using Java 11.0.13 on LAPTOP-IQ104NSE with PID 20148 (C:\Users\106860781\Documents\Microservicios Java\UniversidadesREST\target\classes started by 106860781 in C:\Users\106860781\Documents\Microservicios Java\UniversidadesREST)
2022-05-12 18:20:37,322 INFO org.springframework.boot.SpringApplication [restartedMain] No active profile set, falling back to 1 default profile: "default"
2022-05-12 18:20:37,470 INFO org.springframework.boot.logging.DeferredLog [restartedMain] Devtools property defaults active! Set 'spring.devtools.add-properties' to 'false' to disable
2022-05-12 18:20:37,470 INFO org.springframework.boot.logging.DeferredLog [restartedMain] For additional web related logging consider setting the 'logging.level.web' property to 'DEBUG'
2022-05-12 18:20:39,528 INFO org.springframework.data.repository.config.RepositoryConfigurationDelegate [restartedMain] Bootstrapping Spring Data JPA repositories in DEFAULT mode.
2022-05-12 18:20:39,724 INFO org.springframework.data.repository.config.RepositoryConfigurationDelegate [restartedMain] Finished Spring Data repository scanning in 175 ms. Found 4 JPA repository interfaces.
2022-05-12 18:20:41,654 INFO org.springframework.boot.web.embedded.tomcat.TomcatWebServer [restartedMain] Tomcat initialized with port(s): 8081 (http)
2022-05-12 18:20:41,679 INFO org.apache.juli.logging.DirectJDKLog [restartedMain] Initializing ProtocolHandler ["http-nio-8081"]
2022-05-12 18:20:41,683 INFO org.apache.juli.logging.DirectJDKLog [restartedMain] Starting service [Tomcat]
2022-05-12 18:20:41,683 INFO org.apache.juli.logging.DirectJDKLog [restartedMain] Starting Servlet engine: [Apache Tomcat/9.0.62]
